\BOOKMARK [1][-]{section.1}{Introduzione}{}% 1
\BOOKMARK [1][-]{section.2}{Convolutional Neural Network \(CNN\)}{}% 2
\BOOKMARK [1][-]{section.3}{Area under precision-recall curve \(AUPRC\)}{}% 3
\BOOKMARK [1][-]{section.4}{Few-shot learning}{}% 4
\BOOKMARK [2][-]{subsection.4.1}{Introduzione}{section.4}% 5
\BOOKMARK [2][-]{subsection.4.2}{The meta learning framework}{section.4}% 6
\BOOKMARK [2][-]{subsection.4.3}{Approcci al meta-apprendimento}{section.4}% 7
\BOOKMARK [1][-]{section.5}{Prototypical Network}{}% 8
\BOOKMARK [1][-]{section.6}{Relation Network}{}% 9
\BOOKMARK [1][-]{section.7}{Dataset Spoken Wikipedia Corpora}{}% 10
\BOOKMARK [2][-]{subsection.7.1}{Annotazioni}{section.7}% 11
\BOOKMARK [2][-]{subsection.7.2}{Lettori}{section.7}% 12
\BOOKMARK [2][-]{subsection.7.3}{Parole}{section.7}% 13
\BOOKMARK [1][-]{section.8}{Protonet codice}{}% 14
\BOOKMARK [2][-]{subsection.8.1}{Protonet training}{section.8}% 15
\BOOKMARK [2][-]{subsection.8.2}{Protonet validation}{section.8}% 16
\BOOKMARK [2][-]{subsection.8.3}{Protonet test}{section.8}% 17
\BOOKMARK [1][-]{section.9}{Relation codice}{}% 18
\BOOKMARK [2][-]{subsection.9.1}{Relation training}{section.9}% 19
\BOOKMARK [2][-]{subsection.9.2}{Relation validation}{section.9}% 20
